
<create><account id="1" balance="100000" /><symbol sym="AAPL"><account id="1">100</account></symbol><symbol sym="GOOG"><account id="1">200</account></symbol></create>

<create><account id="2" balance="100000" /><symbol sym="AAPL"><account id="2">200</account></symbol><symbol sym="GOOG"><account id="2">100</account></symbol></create>

<transactions id="1"><order sym="AAPL" amount="50" limit="100" /></transactions>

<transactions id="2"><order sym="AAPL" amount="-50" limit="100" /></transactions>

<transactions id="1"><query id="1" /></transactions>

<transactions id="2"><query id="0" /></transactions>

<transactions id="1"><cancel id="0" /></transactions>

<transactions id="2"><cancel id="1" /></transactions>

<create><account id="3" balance="100000" /><symbol sym="AMZ"><account id="3">100</account></symbol><symbol sym="NFX"><account id="3">200</account></symbol></create>

<create><account id="4" balance="100000" /><symbol sym="AMZ"><account id="4">200</account></symbol><symbol sym="NFX"><account id="4">100</account></symbol></create>

<transactions id="3"><order sym="AMZ" amount="50" limit="100" /></transactions>

<transactions id="4"><order sym="AMZ" amount="-40" limit="100" /></transactions>

<transactions id="3"><query id="2" /></transactions>

<transactions id="4"><query id="3" /></transactions>

<transactions id="3"><cancel id="2" /></transactions>

<transactions id="4"><cancel id="3" /></transactions>

<create><account id="5" balance="100000" /><symbol sym="AAA"><account id="5">100</account></symbol><symbol sym="BBB"><account id="5">200</account></symbol></create>

<create><account id="6" balance="100000" /><symbol sym="AAA"><account id="6">200</account></symbol><symbol sym="BBB"><account id="6">100</account></symbol></create>

<transactions id="5"><order sym="AAA" amount="50" limit="100" /></transactions>

<transactions id="6"><order sym="AAA" amount="-50" limit="30" /></transactions>

<transactions id="5"><query id="4" /></transactions>

<transactions id="6"><query id="5" /></transactions>

<transactions id="5"><cancel id="4" /></transactions>

<transactions id="6"><cancel id="5" /></transactions>

<create><account id="7" balance="100000" /><symbol sym="CCC"><account id="7">100</account></symbol><symbol sym="DDD"><account id="7">200</account></symbol></create>

<create><account id="8" balance="100000" /><symbol sym="CCC"><account id="8">200</account></symbol><symbol sym="DDD"><account id="8">100</account></symbol></create>

<transactions id="7"><order sym="CCC" amount="50" limit="100" /></transactions>

<transactions id="8"><order sym="CCC" amount="-30" limit="20" /></transactions>

<transactions id="7"><query id="6" /></transactions>

<transactions id="8"><query id="7" /></transactions>

<transactions id="7"><cancel id="6" /></transactions>

<transactions id="8"><cancel id="7" /></transactions>

<create><account id="9" balance="100000" /><symbol sym="EEE"><account id="9">100</account></symbol><symbol sym="FFF"><account id="9">200</account></symbol></create>

<create><account id="10" balance="100000" /><symbol sym="EEE"><account id="10">200</account></symbol><symbol sym="FFF"><account id="10">100</account></symbol></create>

<transactions id="9"><order sym="EEE" amount="50" limit="100" /></transactions>

<transactions id="10"><order sym="EEE" amount="-60" limit="20" /></transactions>

<transactions id="9"><query id="8" /></transactions>

<transactions id="10"><query id="9" /></transactions>

<transactions id="9"><cancel id="8" /></transactions>

<transactions id="10"><cancel id="9" /></transactions>

<create><account id="11" balance="100000" /><symbol sym="GGG"><account id="11">100</account></symbol><symbol sym="HHH"><account id="11">200</account></symbol></create>

<create><account id="12" balance="100000" /><symbol sym="GGG"><account id="12">200</account></symbol><symbol sym="HHH"><account id="12">100</account></symbol></create>

<transactions id="11"><order sym="GGG" amount="-30" limit="30" /></transactions>

<transactions id="12"><order sym="GGG" amount="60" limit="50" /></transactions>

<transactions id="11"><query id="10" /></transactions>

<transactions id="12"><query id="11" /></transactions>

<transactions id="11"><cancel id="10" /></transactions>

<transactions id="12"><cancel id="11" /></transactions>

<create><account id="13" balance="100000" /><symbol sym="III"><account id="13">100</account></symbol><symbol sym="JJJ"><account id="13">200</account></symbol></create>

<create><account id="14" balance="100000" /><symbol sym="III"><account id="14">200</account></symbol><symbol sym="JJJ"><account id="14">100</account></symbol></create>

<transactions id="14"><order sym="III" amount="30" limit="50" /></transactions>

<transactions id="13"><query id="12" /></transactions>

<transactions id="14"><query id="13" /></transactions>

<transactions id="13"><cancel id="12" /></transactions>

<transactions id="14"><cancel id="13" /></transactions>

<create><account id="15" balance="100000" /><symbol sym="KKK"><account id="15">100</account></symbol><symbol sym="LLL"><account id="15">200</account></symbol></create>

<create><account id="16" balance="100000" /><symbol sym="KKK"><account id="16">200</account></symbol><symbol sym="LLL"><account id="16">100</account></symbol></create>

<transactions id="15"><order sym="KKK" amount="-60" limit="100" /></transactions>

<transactions id="16"><order sym="KKK" amount="30" limit="20" /></transactions>

<transactions id="15"><query id="14" /></transactions>

<transactions id="16"><query id="15" /></transactions>

<transactions id="15"><cancel id="14" /></transactions>

<create><account id="17" balance="100000" /><symbol sym="MMM"><account id="17">100</account></symbol><symbol sym="NNN"><account id="17">200</account></symbol></create>

<create><account id="18" balance="100000" /><symbol sym="MMM"><account id="18">200</account></symbol><symbol sym="NNN"><account id="18">100</account></symbol></create>

<transactions id="17"><order sym="MMM" amount="50" limit="20" /></transactions>

<transactions id="18"><order sym="MMM" amount="-60" limit="50" /></transactions>

<transactions id="18"><query id="17" /></transactions>

<transactions id="17"><cancel id="16" /></transactions>

<transactions id="18"><cancel id="17" /></transactions>

<create><account id="19" balance="100000" /><symbol sym="OOO"><account id="19">100</account></symbol><symbol sym="PPP"><account id="19">200</account></symbol></create>

<create><account id="20" balance="100000" /><symbol sym="OOO"><account id="20">200</account></symbol><symbol sym="PPP"><account id="20">100</account></symbol></create>

<create><account id="21" balance="100000" /><symbol sym="OOO"><account id="21">200</account></symbol><symbol sym="PPP"><account id="21">100</account></symbol></create>

<transactions id="20"><order sym="OOO" amount="-50" limit="20" /></transactions>

<transactions id="21"><order sym="OOO" amount="100" limit="50" /></transactions>

<transactions id="19"><query id="18" /></transactions>

<transactions id="20"><query id="19" /></transactions>

<transactions id="21"><query id="20" /></transactions>

<create><account id="22" balance="100000" /><symbol sym="QQQ"><account id="22">100</account></symbol><symbol sym="RRR"><account id="22">200</account></symbol></create>

<create><account id="23" balance="100000" /><symbol sym="QQQ"><account id="23">200</account></symbol><symbol sym="RRR"><account id="23">100</account></symbol></create>

<create><account id="24" balance="100000" /><symbol sym="QQQ"><account id="24">200</account></symbol><symbol sym="RRR"><account id="24">100</account></symbol></create>

<transactions id="22"><order sym="QQQ" amount="-50" limit="30" /></transactions>

<transactions id="23"><order sym="QQQ" amount="-50" limit="20" /></transactions>

<transactions id="24"><order sym="QQQ" amount="80" limit="50" /></transactions>

<transactions id="22"><query id="21" /></transactions>

<transactions id="23"><query id="22" /></transactions>

<transactions id="24"><query id="23" /></transactions>

<create><account id="25" balance="100000" /><symbol sym="SSS"><account id="25">100</account></symbol><symbol sym="TTT"><account id="25">200</account></symbol></create>

<create><account id="26" balance="100000" /><symbol sym="SSS"><account id="26">200</account></symbol><symbol sym="TTT"><account id="26">100</account></symbol></create>

<create><account id="27" balance="100000" /><symbol sym="SSS"><account id="27">200</account></symbol><symbol sym="TTT"><account id="27">100</account></symbol></create>

<transactions id="26"><order sym="SSS" amount="50" limit="20" /></transactions>

<transactions id="27"><order sym="SSS" amount="-100" limit="10" /></transactions>

<transactions id="25"><query id="24" /></transactions>

<transactions id="26"><query id="25" /></transactions>

<transactions id="27"><query id="26" /></transactions>

<create><account id="28" balance="100000" /><symbol sym="UUU"><account id="28">100</account></symbol><symbol sym="VVV"><account id="28">200</account></symbol></create>

<create><account id="29" balance="100000" /><symbol sym="UUU"><account id="29">200</account></symbol><symbol sym="VVV"><account id="29">100</account></symbol></create>

<create><account id="30" balance="100000" /><symbol sym="UUU"><account id="30">200</account></symbol><symbol sym="VVV"><account id="30">100</account></symbol></create>

<transactions id="28"><order sym="UUU" amount="50" limit="30" /></transactions>

<transactions id="29"><order sym="UUU" amount="50" limit="20" /></transactions>

<transactions id="30"><order sym="UUU" amount="-80" limit="10" /></transactions>

<transactions id="28"><query id="27" /></transactions>

<transactions id="29"><query id="28" /></transactions>

<transactions id="30"><query id="29" /></transactions>

<create><account id="1" balance="100000" /><symbol sym="AAPL"><account id="1">100</account></symbol><symbol sym="GOOG"><account id="1">200</account></symbol></create>

<create><account id="2" balance="100000" /><symbol sym="AAPL"><account id="2">200</account></symbol><symbol sym="GOOG"><account id="2">100</account></symbol></create>

<transactions id="1"><order sym="AAPL" amount="50" limit="100" /></transactions>

<transactions id="2"><order sym="AAPL" amount="-50" limit="100" /></transactions>

<transactions id="1"><query id="1" /></transactions>

<transactions id="2"><query id="0" /></transactions>

<transactions id="1"><cancel id="0" /></transactions>

<transactions id="2"><cancel id="1" /></transactions>

<create><account id="3" balance="100000" /><symbol sym="AMZ"><account id="3">100</account></symbol><symbol sym="NFX"><account id="3">200</account></symbol></create>

<create><account id="4" balance="100000" /><symbol sym="AMZ"><account id="4">200</account></symbol><symbol sym="NFX"><account id="4">100</account></symbol></create>

<transactions id="3"><order sym="AMZ" amount="50" limit="100" /></transactions>

<transactions id="4"><order sym="AMZ" amount="-40" limit="100" /></transactions>

<transactions id="3"><query id="2" /></transactions>

<transactions id="4"><query id="3" /></transactions>

<transactions id="3"><cancel id="2" /></transactions>

<transactions id="4"><cancel id="3" /></transactions>

<create><account id="5" balance="100000" /><symbol sym="AAA"><account id="5">100</account></symbol><symbol sym="BBB"><account id="5">200</account></symbol></create>

<create><account id="6" balance="100000" /><symbol sym="AAA"><account id="6">200</account></symbol><symbol sym="BBB"><account id="6">100</account></symbol></create>

<transactions id="5"><order sym="AAA" amount="50" limit="100" /></transactions>

<transactions id="6"><order sym="AAA" amount="-50" limit="30" /></transactions>

<transactions id="5"><query id="4" /></transactions>

<transactions id="6"><query id="5" /></transactions>

<transactions id="5"><cancel id="4" /></transactions>

<transactions id="6"><cancel id="5" /></transactions>

<create><account id="7" balance="100000" /><symbol sym="CCC"><account id="7">100</account></symbol><symbol sym="DDD"><account id="7">200</account></symbol></create>

<create><account id="8" balance="100000" /><symbol sym="CCC"><account id="8">200</account></symbol><symbol sym="DDD"><account id="8">100</account></symbol></create>

<transactions id="7"><order sym="CCC" amount="50" limit="100" /></transactions>

<transactions id="8"><order sym="CCC" amount="-30" limit="20" /></transactions>

<transactions id="7"><query id="6" /></transactions>

<transactions id="8"><query id="7" /></transactions>

<transactions id="7"><cancel id="6" /></transactions>

<transactions id="8"><cancel id="7" /></transactions>

<create><account id="9" balance="100000" /><symbol sym="EEE"><account id="9">100</account></symbol><symbol sym="FFF"><account id="9">200</account></symbol></create>

<create><account id="10" balance="100000" /><symbol sym="EEE"><account id="10">200</account></symbol><symbol sym="FFF"><account id="10">100</account></symbol></create>

<transactions id="9"><order sym="EEE" amount="50" limit="100" /></transactions>

<transactions id="10"><order sym="EEE" amount="-60" limit="20" /></transactions>

<transactions id="9"><query id="8" /></transactions>

<transactions id="9"><cancel id="8" /></transactions>

<transactions id="10"><cancel id="9" /></transactions>

<create><account id="11" balance="100000" /><symbol sym="GGG"><account id="11">100</account></symbol><symbol sym="HHH"><account id="11">200</account></symbol></create>

<create><account id="12" balance="100000" /><symbol sym="GGG"><account id="12">200</account></symbol><symbol sym="HHH"><account id="12">100</account></symbol></create>

<transactions id="11"><order sym="GGG" amount="-30" limit="30" /></transactions>

<transactions id="12"><order sym="GGG" amount="60" limit="50" /></transactions>

<transactions id="11"><query id="10" /></transactions>

<transactions id="12"><query id="11" /></transactions>

<transactions id="11"><cancel id="10" /></transactions>

<transactions id="12"><cancel id="11" /></transactions>

<create><account id="13" balance="100000" /><symbol sym="III"><account id="13">100</account></symbol><symbol sym="JJJ"><account id="13">200</account></symbol></create>

<create><account id="14" balance="100000" /><symbol sym="III"><account id="14">200</account></symbol><symbol sym="JJJ"><account id="14">100</account></symbol></create>

<transactions id="13"><order sym="III" amount="-60" limit="30" /></transactions>

<transactions id="14"><order sym="III" amount="30" limit="50" /></transactions>

<transactions id="13"><query id="12" /></transactions>

<transactions id="14"><query id="13" /></transactions>

<transactions id="13"><cancel id="12" /></transactions>

<transactions id="14"><cancel id="13" /></transactions>

<create><account id="15" balance="100000" /><symbol sym="KKK"><account id="15">100</account></symbol><symbol sym="LLL"><account id="15">200</account></symbol></create>

<create><account id="16" balance="100000" /><symbol sym="KKK"><account id="16">200</account></symbol><symbol sym="LLL"><account id="16">100</account></symbol></create>

<transactions id="15"><order sym="KKK" amount="-60" limit="100" /></transactions>

<transactions id="16"><order sym="KKK" amount="30" limit="20" /></transactions>

<transactions id="15"><query id="14" /></transactions>

<transactions id="16"><query id="15" /></transactions>

<transactions id="15"><cancel id="14" /></transactions>

<transactions id="16"><cancel id="15" /></transactions>

<create><account id="17" balance="100000" /><symbol sym="MMM"><account id="17">100</account></symbol><symbol sym="NNN"><account id="17">200</account></symbol></create>

<create><account id="18" balance="100000" /><symbol sym="MMM"><account id="18">200</account></symbol><symbol sym="NNN"><account id="18">100</account></symbol></create>

<transactions id="17"><order sym="MMM" amount="50" limit="20" /></transactions>

<transactions id="18"><order sym="MMM" amount="-60" limit="50" /></transactions>

<transactions id="17"><query id="16" /></transactions>

<transactions id="18"><query id="17" /></transactions>

<transactions id="17"><cancel id="16" /></transactions>

<transactions id="18"><cancel id="17" /></transactions>

<create><account id="19" balance="100000" /><symbol sym="OOO"><account id="19">100</account></symbol><symbol sym="PPP"><account id="19">200</account></symbol></create>

<create><account id="20" balance="100000" /><symbol sym="OOO"><account id="20">200</account></symbol><symbol sym="PPP"><account id="20">100</account></symbol></create>

<create><account id="21" balance="100000" /><symbol sym="OOO"><account id="21">200</account></symbol><symbol sym="PPP"><account id="21">100</account></symbol></create>

<transactions id="19"><order sym="OOO" amount="-50" limit="30" /></transactions>

<transactions id="20"><order sym="OOO" amount="-50" limit="20" /></transactions>

<transactions id="21"><order sym="OOO" amount="100" limit="50" /></transactions>

<transactions id="19"><query id="18" /></transactions>

<transactions id="20"><query id="19" /></transactions>

<transactions id="21"><query id="20" /></transactions>

<create><account id="22" balance="100000" /><symbol sym="QQQ"><account id="22">100</account></symbol><symbol sym="RRR"><account id="22">200</account></symbol></create>

<create><account id="23" balance="100000" /><symbol sym="QQQ"><account id="23">200</account></symbol><symbol sym="RRR"><account id="23">100</account></symbol></create>

<create><account id="24" balance="100000" /><symbol sym="QQQ"><account id="24">200</account></symbol><symbol sym="RRR"><account id="24">100</account></symbol></create>

<transactions id="22"><order sym="QQQ" amount="-50" limit="30" /></transactions>

<transactions id="23"><order sym="QQQ" amount="-50" limit="20" /></transactions>

<transactions id="24"><order sym="QQQ" amount="80" limit="50" /></transactions>

<transactions id="22"><query id="21" /></transactions>

<transactions id="23"><query id="22" /></transactions>

<transactions id="24"><query id="23" /></transactions>

<create><account id="25" balance="100000" /><symbol sym="SSS"><account id="25">100</account></symbol><symbol sym="TTT"><account id="25">200</account></symbol></create>

<create><account id="26" balance="100000" /><symbol sym="SSS"><account id="26">200</account></symbol><symbol sym="TTT"><account id="26">100</account></symbol></create>

<create><account id="27" balance="100000" /><symbol sym="SSS"><account id="27">200</account></symbol><symbol sym="TTT"><account id="27">100</account></symbol></create>

<transactions id="25"><order sym="SSS" amount="50" limit="30" /></transactions>

<transactions id="26"><order sym="SSS" amount="50" limit="20" /></transactions>

<transactions id="27"><order sym="SSS" amount="-100" limit="10" /></transactions>

<transactions id="25"><query id="24" /></transactions>

<transactions id="26"><query id="25" /></transactions>

<transactions id="27"><query id="26" /></transactions>

<create><account id="28" balance="100000" /><symbol sym="UUU"><account id="28">100</account></symbol><symbol sym="VVV"><account id="28">200</account></symbol></create>

<create><account id="29" balance="100000" /><symbol sym="UUU"><account id="29">200</account></symbol><symbol sym="VVV"><account id="29">100</account></symbol></create>

<create><account id="30" balance="100000" /><symbol sym="UUU"><account id="30">200</account></symbol><symbol sym="VVV"><account id="30">100</account></symbol></create>

<transactions id="28"><order sym="UUU" amount="50" limit="30" /></transactions>

<transactions id="29"><order sym="UUU" amount="50" limit="20" /></transactions>

<transactions id="30"><order sym="UUU" amount="-80" limit="10" /></transactions>

<transactions id="28"><query id="27" /></transactions>

<transactions id="29"><query id="28" /></transactions>

<transactions id="30"><query id="29" /></transactions>

<create><account id="1" balance="100000" /><symbol sym="AAPL"><account id="1">100</account></symbol><symbol sym="GOOG"><account id="1">200</account></symbol></create>

<create><account id="2" balance="100000" /><symbol sym="AAPL"><account id="2">200</account></symbol><symbol sym="GOOG"><account id="2">100</account></symbol></create>

<transactions id="1"><order sym="AAPL" amount="50" limit="100" /></transactions>

<transactions id="2"><order sym="AAPL" amount="-50" limit="100" /></transactions>

<transactions id="1"><query id="1" /></transactions>

<transactions id="2"><query id="0" /></transactions>

<transactions id="1"><cancel id="0" /></transactions>

<transactions id="2"><cancel id="1" /></transactions>

<create><account id="3" balance="100000" /><symbol sym="AMZ"><account id="3">100</account></symbol><symbol sym="NFX"><account id="3">200</account></symbol></create>

<create><account id="4" balance="100000" /><symbol sym="AMZ"><account id="4">200</account></symbol><symbol sym="NFX"><account id="4">100</account></symbol></create>

<transactions id="3"><order sym="AMZ" amount="50" limit="100" /></transactions>

<transactions id="4"><order sym="AMZ" amount="-40" limit="100" /></transactions>

<transactions id="3"><query id="2" /></transactions>

<transactions id="4"><query id="3" /></transactions>

<transactions id="3"><cancel id="2" /></transactions>

<transactions id="4"><cancel id="3" /></transactions>

<create><account id="5" balance="100000" /><symbol sym="AAA"><account id="5">100</account></symbol><symbol sym="BBB"><account id="5">200</account></symbol></create>

<create><account id="6" balance="100000" /><symbol sym="AAA"><account id="6">200</account></symbol><symbol sym="BBB"><account id="6">100</account></symbol></create>

<transactions id="5"><order sym="AAA" amount="50" limit="100" /></transactions>

<transactions id="6"><order sym="AAA" amount="-50" limit="30" /></transactions>

<transactions id="5"><query id="4" /></transactions>

<transactions id="6"><query id="5" /></transactions>

<transactions id="5"><cancel id="4" /></transactions>

<transactions id="6"><cancel id="5" /></transactions>

<create><account id="7" balance="100000" /><symbol sym="CCC"><account id="7">100</account></symbol><symbol sym="DDD"><account id="7">200</account></symbol></create>

<create><account id="8" balance="100000" /><symbol sym="CCC"><account id="8">200</account></symbol><symbol sym="DDD"><account id="8">100</account></symbol></create>

<transactions id="7"><order sym="CCC" amount="50" limit="100" /></transactions>

<transactions id="8"><order sym="CCC" amount="-30" limit="20" /></transactions>

<transactions id="7"><query id="6" /></transactions>

<transactions id="8"><query id="7" /></transactions>

<transactions id="7"><cancel id="6" /></transactions>

<transactions id="8"><cancel id="7" /></transactions>

<create><account id="9" balance="100000" /><symbol sym="EEE"><account id="9">100</account></symbol><symbol sym="FFF"><account id="9">200</account></symbol></create>

<create><account id="10" balance="100000" /><symbol sym="EEE"><account id="10">200</account></symbol><symbol sym="FFF"><account id="10">100</account></symbol></create>

<transactions id="9"><order sym="EEE" amount="50" limit="100" /></transactions>

<transactions id="10"><order sym="EEE" amount="-60" limit="20" /></transactions>

<transactions id="9"><query id="8" /></transactions>

<transactions id="10"><query id="9" /></transactions>

<transactions id="9"><cancel id="8" /></transactions>

<transactions id="10"><cancel id="9" /></transactions>

<create><account id="11" balance="100000" /><symbol sym="GGG"><account id="11">100</account></symbol><symbol sym="HHH"><account id="11">200</account></symbol></create>

<create><account id="12" balance="100000" /><symbol sym="GGG"><account id="12">200</account></symbol><symbol sym="HHH"><account id="12">100</account></symbol></create>

<transactions id="11"><order sym="GGG" amount="-30" limit="30" /></transactions>

<transactions id="12"><order sym="GGG" amount="60" limit="50" /></transactions>

<transactions id="11"><query id="10" /></transactions>

<transactions id="12"><query id="11" /></transactions>

<transactions id="11"><cancel id="10" /></transactions>

<transactions id="12"><cancel id="11" /></transactions>

<create><account id="13" balance="100000" /><symbol sym="III"><account id="13">100</account></symbol><symbol sym="JJJ"><account id="13">200</account></symbol></create>

<create><account id="14" balance="100000" /><symbol sym="III"><account id="14">200</account></symbol><symbol sym="JJJ"><account id="14">100</account></symbol></create>

<transactions id="13"><order sym="III" amount="-60" limit="30" /></transactions>

<transactions id="14"><order sym="III" amount="30" limit="50" /></transactions>

<transactions id="13"><query id="12" /></transactions>

<transactions id="14"><query id="13" /></transactions>

<transactions id="13"><cancel id="12" /></transactions>

<transactions id="14"><cancel id="13" /></transactions>

<create><account id="15" balance="100000" /><symbol sym="KKK"><account id="15">100</account></symbol><symbol sym="LLL"><account id="15">200</account></symbol></create>

<create><account id="16" balance="100000" /><symbol sym="KKK"><account id="16">200</account></symbol><symbol sym="LLL"><account id="16">100</account></symbol></create>

<transactions id="15"><order sym="KKK" amount="-60" limit="100" /></transactions>

<transactions id="16"><order sym="KKK" amount="30" limit="20" /></transactions>

<transactions id="15"><query id="14" /></transactions>

<transactions id="16"><query id="15" /></transactions>

<transactions id="15"><cancel id="14" /></transactions>

<transactions id="16"><cancel id="15" /></transactions>

<create><account id="17" balance="100000" /><symbol sym="MMM"><account id="17">100</account></symbol><symbol sym="NNN"><account id="17">200</account></symbol></create>

<create><account id="18" balance="100000" /><symbol sym="MMM"><account id="18">200</account></symbol><symbol sym="NNN"><account id="18">100</account></symbol></create>

<transactions id="17"><order sym="MMM" amount="50" limit="20" /></transactions>

<transactions id="18"><order sym="MMM" amount="-60" limit="50" /></transactions>

<transactions id="17"><query id="16" /></transactions>

<transactions id="18"><query id="17" /></transactions>

<transactions id="17"><cancel id="16" /></transactions>

<transactions id="18"><cancel id="17" /></transactions>

<create><account id="19" balance="100000" /><symbol sym="OOO"><account id="19">100</account></symbol><symbol sym="PPP"><account id="19">200</account></symbol></create>

<create><account id="20" balance="100000" /><symbol sym="OOO"><account id="20">200</account></symbol><symbol sym="PPP"><account id="20">100</account></symbol></create>

<create><account id="21" balance="100000" /><symbol sym="OOO"><account id="21">200</account></symbol><symbol sym="PPP"><account id="21">100</account></symbol></create>

<transactions id="19"><order sym="OOO" amount="-50" limit="30" /></transactions>

<transactions id="20"><order sym="OOO" amount="-50" limit="20" /></transactions>

<transactions id="21"><order sym="OOO" amount="100" limit="50" /></transactions>

<transactions id="19"><query id="18" /></transactions>

<transactions id="20"><query id="19" /></transactions>

<transactions id="21"><query id="20" /></transactions>

<create><account id="22" balance="100000" /><symbol sym="QQQ"><account id="22">100</account></symbol><symbol sym="RRR"><account id="22">200</account></symbol></create>

<create><account id="23" balance="100000" /><symbol sym="QQQ"><account id="23">200</account></symbol><symbol sym="RRR"><account id="23">100</account></symbol></create>

<create><account id="24" balance="100000" /><symbol sym="QQQ"><account id="24">200</account></symbol><symbol sym="RRR"><account id="24">100</account></symbol></create>

<transactions id="22"><order sym="QQQ" amount="-50" limit="30" /></transactions>

<transactions id="23"><order sym="QQQ" amount="-50" limit="20" /></transactions>

<transactions id="24"><order sym="QQQ" amount="80" limit="50" /></transactions>

<transactions id="22"><query id="21" /></transactions>

<transactions id="23"><query id="22" /></transactions>

<transactions id="24"><query id="23" /></transactions>

<create><account id="25" balance="100000" /><symbol sym="SSS"><account id="25">100</account></symbol><symbol sym="TTT"><account id="25">200</account></symbol></create>

<create><account id="26" balance="100000" /><symbol sym="SSS"><account id="26">200</account></symbol><symbol sym="TTT"><account id="26">100</account></symbol></create>

<create><account id="27" balance="100000" /><symbol sym="SSS"><account id="27">200</account></symbol><symbol sym="TTT"><account id="27">100</account></symbol></create>

<transactions id="25"><order sym="SSS" amount="50" limit="30" /></transactions>

<transactions id="26"><order sym="SSS" amount="50" limit="20" /></transactions>

<transactions id="27"><order sym="SSS" amount="-100" limit="10" /></transactions>

<transactions id="25"><query id="24" /></transactions>

<transactions id="26"><query id="25" /></transactions>

<transactions id="27"><query id="26" /></transactions>

<create><account id="28" balance="100000" /><symbol sym="UUU"><account id="28">100</account></symbol><symbol sym="VVV"><account id="28">200</account></symbol></create>

<create><account id="29" balance="100000" /><symbol sym="UUU"><account id="29">200</account></symbol><symbol sym="VVV"><account id="29">100</account></symbol></create>

<create><account id="30" balance="100000" /><symbol sym="UUU"><account id="30">200</account></symbol><symbol sym="VVV"><account id="30">100</account></symbol></create>

<transactions id="28"><order sym="UUU" amount="50" limit="30" /></transactions>

<transactions id="29"><order sym="UUU" amount="50" limit="20" /></transactions>

<transactions id="30"><order sym="UUU" amount="-80" limit="10" /></transactions>

<transactions id="28"><query id="27" /></transactions>

<transactions id="29"><query id="28" /></transactions>

<transactions id="30"><query id="29" /></transactions>

<create><account id="1" balance="100000" /><symbol sym="AAPL"><account id="1">100</account></symbol><symbol sym="GOOG"><account id="1">200</account></symbol></create>

<create><account id="2" balance="100000" /><symbol sym="AAPL"><account id="2">200</account></symbol><symbol sym="GOOG"><account id="2">100</account></symbol></create>

<transactions id="1"><order sym="AAPL" amount="50" limit="100" /></transactions>

<transactions id="2"><order sym="AAPL" amount="-50" limit="100" /></transactions>

<transactions id="1"><query id="1" /></transactions>

<transactions id="2"><query id="0" /></transactions>

<transactions id="1"><cancel id="0" /></transactions>

<transactions id="2"><cancel id="1" /></transactions>

<create><account id="3" balance="100000" /><symbol sym="AMZ"><account id="3">100</account></symbol><symbol sym="NFX"><account id="3">200</account></symbol></create>

<create><account id="4" balance="100000" /><symbol sym="AMZ"><account id="4">200</account></symbol><symbol sym="NFX"><account id="4">100</account></symbol></create>

<transactions id="3"><order sym="AMZ" amount="50" limit="100" /></transactions>

<transactions id="4"><order sym="AMZ" amount="-40" limit="100" /></transactions>

<transactions id="3"><query id="2" /></transactions>

<transactions id="4"><query id="3" /></transactions>

<transactions id="3"><cancel id="2" /></transactions>

<transactions id="4"><cancel id="3" /></transactions>

<create><account id="5" balance="100000" /><symbol sym="AAA"><account id="5">100</account></symbol><symbol sym="BBB"><account id="5">200</account></symbol></create>

<create><account id="6" balance="100000" /><symbol sym="AAA"><account id="6">200</account></symbol><symbol sym="BBB"><account id="6">100</account></symbol></create>

<transactions id="5"><order sym="AAA" amount="50" limit="100" /></transactions>

<transactions id="6"><order sym="AAA" amount="-50" limit="30" /></transactions>

<transactions id="5"><query id="4" /></transactions>

<transactions id="6"><query id="5" /></transactions>

<transactions id="5"><cancel id="4" /></transactions>

<transactions id="6"><cancel id="5" /></transactions>

<create><account id="7" balance="100000" /><symbol sym="CCC"><account id="7">100</account></symbol><symbol sym="DDD"><account id="7">200</account></symbol></create>

<create><account id="8" balance="100000" /><symbol sym="CCC"><account id="8">200</account></symbol><symbol sym="DDD"><account id="8">100</account></symbol></create>

<transactions id="7"><order sym="CCC" amount="50" limit="100" /></transactions>

<transactions id="8"><order sym="CCC" amount="-30" limit="20" /></transactions>

<transactions id="7"><query id="6" /></transactions>

<transactions id="8"><query id="7" /></transactions>

<transactions id="7"><cancel id="6" /></transactions>

<transactions id="8"><cancel id="7" /></transactions>

<create><account id="9" balance="100000" /><symbol sym="EEE"><account id="9">100</account></symbol><symbol sym="FFF"><account id="9">200</account></symbol></create>

<create><account id="10" balance="100000" /><symbol sym="EEE"><account id="10">200</account></symbol><symbol sym="FFF"><account id="10">100</account></symbol></create>

<transactions id="9"><order sym="EEE" amount="50" limit="100" /></transactions>

<transactions id="10"><order sym="EEE" amount="-60" limit="20" /></transactions>

<transactions id="9"><query id="8" /></transactions>

<transactions id="10"><query id="9" /></transactions>

<transactions id="9"><cancel id="8" /></transactions>

<transactions id="10"><cancel id="9" /></transactions>

<create><account id="11" balance="100000" /><symbol sym="GGG"><account id="11">100</account></symbol><symbol sym="HHH"><account id="11">200</account></symbol></create>

<create><account id="12" balance="100000" /><symbol sym="GGG"><account id="12">200</account></symbol><symbol sym="HHH"><account id="12">100</account></symbol></create>

<transactions id="11"><order sym="GGG" amount="-30" limit="30" /></transactions>

<transactions id="12"><order sym="GGG" amount="60" limit="50" /></transactions>

<transactions id="11"><query id="10" /></transactions>

<transactions id="12"><query id="11" /></transactions>

<transactions id="11"><cancel id="10" /></transactions>

<transactions id="12"><cancel id="11" /></transactions>

<create><account id="13" balance="100000" /><symbol sym="III"><account id="13">100</account></symbol><symbol sym="JJJ"><account id="13">200</account></symbol></create>

<create><account id="14" balance="100000" /><symbol sym="III"><account id="14">200</account></symbol><symbol sym="JJJ"><account id="14">100</account></symbol></create>

<transactions id="13"><order sym="III" amount="-60" limit="30" /></transactions>

<transactions id="14"><order sym="III" amount="30" limit="50" /></transactions>

<transactions id="13"><query id="12" /></transactions>

<transactions id="14"><query id="13" /></transactions>

<transactions id="13"><cancel id="12" /></transactions>

<transactions id="14"><cancel id="13" /></transactions>

<create><account id="15" balance="100000" /><symbol sym="KKK"><account id="15">100</account></symbol><symbol sym="LLL"><account id="15">200</account></symbol></create>

<create><account id="16" balance="100000" /><symbol sym="KKK"><account id="16">200</account></symbol><symbol sym="LLL"><account id="16">100</account></symbol></create>

<transactions id="15"><order sym="KKK" amount="-60" limit="100" /></transactions>

<transactions id="16"><order sym="KKK" amount="30" limit="20" /></transactions>

<transactions id="15"><query id="14" /></transactions>

<transactions id="16"><query id="15" /></transactions>

<transactions id="15"><cancel id="14" /></transactions>

<transactions id="16"><cancel id="15" /></transactions>

<create><account id="17" balance="100000" /><symbol sym="MMM"><account id="17">100</account></symbol><symbol sym="NNN"><account id="17">200</account></symbol></create>

<create><account id="18" balance="100000" /><symbol sym="MMM"><account id="18">200</account></symbol><symbol sym="NNN"><account id="18">100</account></symbol></create>

<transactions id="17"><order sym="MMM" amount="50" limit="20" /></transactions>

<transactions id="18"><order sym="MMM" amount="-60" limit="50" /></transactions>

<transactions id="17"><query id="16" /></transactions>

<transactions id="18"><query id="17" /></transactions>

<transactions id="17"><cancel id="16" /></transactions>

<transactions id="18"><cancel id="17" /></transactions>

<create><account id="19" balance="100000" /><symbol sym="OOO"><account id="19">100</account></symbol><symbol sym="PPP"><account id="19">200</account></symbol></create>

<create><account id="20" balance="100000" /><symbol sym="OOO"><account id="20">200</account></symbol><symbol sym="PPP"><account id="20">100</account></symbol></create>

<create><account id="21" balance="100000" /><symbol sym="OOO"><account id="21">200</account></symbol><symbol sym="PPP"><account id="21">100</account></symbol></create>

<transactions id="19"><order sym="OOO" amount="-50" limit="30" /></transactions>

<transactions id="20"><order sym="OOO" amount="-50" limit="20" /></transactions>

<transactions id="21"><order sym="OOO" amount="100" limit="50" /></transactions>

<transactions id="19"><query id="18" /></transactions>

<transactions id="20"><query id="19" /></transactions>

<transactions id="21"><query id="20" /></transactions>

<create><account id="22" balance="100000" /><symbol sym="QQQ"><account id="22">100</account></symbol><symbol sym="RRR"><account id="22">200</account></symbol></create>

<create><account id="23" balance="100000" /><symbol sym="QQQ"><account id="23">200</account></symbol><symbol sym="RRR"><account id="23">100</account></symbol></create>

<create><account id="24" balance="100000" /><symbol sym="QQQ"><account id="24">200</account></symbol><symbol sym="RRR"><account id="24">100</account></symbol></create>

<transactions id="22"><order sym="QQQ" amount="-50" limit="30" /></transactions>

<transactions id="23"><order sym="QQQ" amount="-50" limit="20" /></transactions>

<transactions id="24"><order sym="QQQ" amount="80" limit="50" /></transactions>

<transactions id="22"><query id="21" /></transactions>

<transactions id="23"><query id="22" /></transactions>

<transactions id="24"><query id="23" /></transactions>

<create><account id="25" balance="100000" /><symbol sym="SSS"><account id="25">100</account></symbol><symbol sym="TTT"><account id="25">200</account></symbol></create>

<create><account id="26" balance="100000" /><symbol sym="SSS"><account id="26">200</account></symbol><symbol sym="TTT"><account id="26">100</account></symbol></create>

<create><account id="27" balance="100000" /><symbol sym="SSS"><account id="27">200</account></symbol><symbol sym="TTT"><account id="27">100</account></symbol></create>

<transactions id="25"><order sym="SSS" amount="50" limit="30" /></transactions>

<transactions id="26"><order sym="SSS" amount="50" limit="20" /></transactions>

<transactions id="27"><order sym="SSS" amount="-100" limit="10" /></transactions>

<transactions id="25"><query id="24" /></transactions>

<transactions id="26"><query id="25" /></transactions>

<transactions id="27"><query id="26" /></transactions>

<create><account id="28" balance="100000" /><symbol sym="UUU"><account id="28">100</account></symbol><symbol sym="VVV"><account id="28">200</account></symbol></create>

<create><account id="29" balance="100000" /><symbol sym="UUU"><account id="29">200</account></symbol><symbol sym="VVV"><account id="29">100</account></symbol></create>

<create><account id="30" balance="100000" /><symbol sym="UUU"><account id="30">200</account></symbol><symbol sym="VVV"><account id="30">100</account></symbol></create>

<transactions id="28"><order sym="UUU" amount="50" limit="30" /></transactions>

<transactions id="29"><order sym="UUU" amount="50" limit="20" /></transactions>

<transactions id="30"><order sym="UUU" amount="-80" limit="10" /></transactions>

<transactions id="28"><query id="27" /></transactions>

<transactions id="29"><query id="28" /></transactions>

<transactions id="30"><query id="29" /></transactions>

<create><account id="1" balance="100000" /><symbol sym="AAPL"><account id="1">100</account></symbol><symbol sym="GOOG"><account id="1">200</account></symbol></create>

<create><account id="2" balance="100000" /><symbol sym="AAPL"><account id="2">200</account></symbol><symbol sym="GOOG"><account id="2">100</account></symbol></create>

<transactions id="1"><order sym="AAPL" amount="50" limit="100" /></transactions>

<transactions id="2"><order sym="AAPL" amount="-50" limit="100" /></transactions>

<transactions id="1"><query id="1" /></transactions>

<transactions id="2"><query id="0" /></transactions>

<transactions id="1"><cancel id="0" /></transactions>

<transactions id="2"><cancel id="1" /></transactions>

<create><account id="3" balance="100000" /><symbol sym="AMZ"><account id="3">100</account></symbol><symbol sym="NFX"><account id="3">200</account></symbol></create>

<create><account id="4" balance="100000" /><symbol sym="AMZ"><account id="4">200</account></symbol><symbol sym="NFX"><account id="4">100</account></symbol></create>

<transactions id="3"><order sym="AMZ" amount="50" limit="100" /></transactions>

<transactions id="4"><order sym="AMZ" amount="-40" limit="100" /></transactions>

<transactions id="3"><query id="2" /></transactions>

<transactions id="4"><query id="3" /></transactions>

<transactions id="3"><cancel id="2" /></transactions>

<transactions id="4"><cancel id="3" /></transactions>

<create><account id="5" balance="100000" /><symbol sym="AAA"><account id="5">100</account></symbol><symbol sym="BBB"><account id="5">200</account></symbol></create>

<create><account id="6" balance="100000" /><symbol sym="AAA"><account id="6">200</account></symbol><symbol sym="BBB"><account id="6">100</account></symbol></create>

<transactions id="5"><order sym="AAA" amount="50" limit="100" /></transactions>

<transactions id="6"><order sym="AAA" amount="-50" limit="30" /></transactions>

<transactions id="5"><query id="4" /></transactions>

<transactions id="6"><query id="5" /></transactions>

<transactions id="5"><cancel id="4" /></transactions>

<transactions id="6"><cancel id="5" /></transactions>

<create><account id="7" balance="100000" /><symbol sym="CCC"><account id="7">100</account></symbol><symbol sym="DDD"><account id="7">200</account></symbol></create>

<create><account id="8" balance="100000" /><symbol sym="CCC"><account id="8">200</account></symbol><symbol sym="DDD"><account id="8">100</account></symbol></create>

<transactions id="7"><order sym="CCC" amount="50" limit="100" /></transactions>

<transactions id="8"><order sym="CCC" amount="-30" limit="20" /></transactions>

<transactions id="7"><query id="6" /></transactions>

<transactions id="8"><query id="7" /></transactions>

<transactions id="7"><cancel id="6" /></transactions>

<transactions id="8"><cancel id="7" /></transactions>

<create><account id="9" balance="100000" /><symbol sym="EEE"><account id="9">100</account></symbol><symbol sym="FFF"><account id="9">200</account></symbol></create>

<create><account id="10" balance="100000" /><symbol sym="EEE"><account id="10">200</account></symbol><symbol sym="FFF"><account id="10">100</account></symbol></create>

<transactions id="9"><order sym="EEE" amount="50" limit="100" /></transactions>

<transactions id="10"><order sym="EEE" amount="-60" limit="20" /></transactions>

<transactions id="9"><query id="8" /></transactions>

<transactions id="10"><query id="9" /></transactions>

<transactions id="9"><cancel id="8" /></transactions>

<transactions id="10"><cancel id="9" /></transactions>

<create><account id="11" balance="100000" /><symbol sym="GGG"><account id="11">100</account></symbol><symbol sym="HHH"><account id="11">200</account></symbol></create>

<create><account id="12" balance="100000" /><symbol sym="GGG"><account id="12">200</account></symbol><symbol sym="HHH"><account id="12">100</account></symbol></create>

<transactions id="11"><order sym="GGG" amount="-30" limit="30" /></transactions>

<transactions id="12"><order sym="GGG" amount="60" limit="50" /></transactions>

<transactions id="11"><query id="10" /></transactions>

<transactions id="12"><query id="11" /></transactions>

<transactions id="11"><cancel id="10" /></transactions>

<transactions id="12"><cancel id="11" /></transactions>

<create><account id="13" balance="100000" /><symbol sym="III"><account id="13">100</account></symbol><symbol sym="JJJ"><account id="13">200</account></symbol></create>

<create><account id="14" balance="100000" /><symbol sym="III"><account id="14">200</account></symbol><symbol sym="JJJ"><account id="14">100</account></symbol></create>

<transactions id="13"><order sym="III" amount="-60" limit="30" /></transactions>

<transactions id="14"><order sym="III" amount="30" limit="50" /></transactions>

<transactions id="13"><query id="12" /></transactions>

<transactions id="14"><query id="13" /></transactions>

<transactions id="13"><cancel id="12" /></transactions>

<transactions id="14"><cancel id="13" /></transactions>

<create><account id="15" balance="100000" /><symbol sym="KKK"><account id="15">100</account></symbol><symbol sym="LLL"><account id="15">200</account></symbol></create>

<create><account id="16" balance="100000" /><symbol sym="KKK"><account id="16">200</account></symbol><symbol sym="LLL"><account id="16">100</account></symbol></create>

<transactions id="16"><order sym="KKK" amount="30" limit="20" /></transactions>

<transactions id="15"><query id="14" /></transactions>

<transactions id="16"><query id="15" /></transactions>

<transactions id="15"><cancel id="14" /></transactions>

<transactions id="16"><cancel id="15" /></transactions>

<create><account id="17" balance="100000" /><symbol sym="MMM"><account id="17">100</account></symbol><symbol sym="NNN"><account id="17">200</account></symbol></create>

<create><account id="18" balance="100000" /><symbol sym="MMM"><account id="18">200</account></symbol><symbol sym="NNN"><account id="18">100</account></symbol></create>

<transactions id="17"><order sym="MMM" amount="50" limit="20" /></transactions>

<transactions id="18"><order sym="MMM" amount="-60" limit="50" /></transactions>

<transactions id="17"><query id="16" /></transactions>

<transactions id="18"><query id="17" /></transactions>

<transactions id="17"><cancel id="16" /></transactions>

<transactions id="18"><cancel id="17" /></transactions>

<create><account id="19" balance="100000" /><symbol sym="OOO"><account id="19">100</account></symbol><symbol sym="PPP"><account id="19">200</account></symbol></create>

<create><account id="20" balance="100000" /><symbol sym="OOO"><account id="20">200</account></symbol><symbol sym="PPP"><account id="20">100</account></symbol></create>

<create><account id="21" balance="100000" /><symbol sym="OOO"><account id="21">200</account></symbol><symbol sym="PPP"><account id="21">100</account></symbol></create>

<transactions id="19"><order sym="OOO" amount="-50" limit="30" /></transactions>

<transactions id="20"><order sym="OOO" amount="-50" limit="20" /></transactions>

<transactions id="21"><order sym="OOO" amount="100" limit="50" /></transactions>

<transactions id="19"><query id="18" /></transactions>

<transactions id="20"><query id="19" /></transactions>

<transactions id="21"><query id="20" /></transactions>

<create><account id="22" balance="100000" /><symbol sym="QQQ"><account id="22">100</account></symbol><symbol sym="RRR"><account id="22">200</account></symbol></create>

<create><account id="23" balance="100000" /><symbol sym="QQQ"><account id="23">200</account></symbol><symbol sym="RRR"><account id="23">100</account></symbol></create>

<create><account id="24" balance="100000" /><symbol sym="QQQ"><account id="24">200</account></symbol><symbol sym="RRR"><account id="24">100</account></symbol></create>

<transactions id="22"><order sym="QQQ" amount="-50" limit="30" /></transactions>

<transactions id="23"><order sym="QQQ" amount="-50" limit="20" /></transactions>

<transactions id="24"><order sym="QQQ" amount="80" limit="50" /></transactions>

<transactions id="22"><query id="21" /></transactions>

<transactions id="23"><query id="22" /></transactions>

<transactions id="24"><query id="23" /></transactions>

<create><account id="25" balance="100000" /><symbol sym="SSS"><account id="25">100</account></symbol><symbol sym="TTT"><account id="25">200</account></symbol></create>

<create><account id="26" balance="100000" /><symbol sym="SSS"><account id="26">200</account></symbol><symbol sym="TTT"><account id="26">100</account></symbol></create>

<create><account id="27" balance="100000" /><symbol sym="SSS"><account id="27">200</account></symbol><symbol sym="TTT"><account id="27">100</account></symbol></create>

<transactions id="25"><order sym="SSS" amount="50" limit="30" /></transactions>

<transactions id="26"><order sym="SSS" amount="50" limit="20" /></transactions>

<transactions id="27"><order sym="SSS" amount="-100" limit="10" /></transactions>

<transactions id="25"><query id="24" /></transactions>

<transactions id="26"><query id="25" /></transactions>

<transactions id="27"><query id="26" /></transactions>

<create><account id="28" balance="100000" /><symbol sym="UUU"><account id="28">100</account></symbol><symbol sym="VVV"><account id="28">200</account></symbol></create>

<create><account id="29" balance="100000" /><symbol sym="UUU"><account id="29">200</account></symbol><symbol sym="VVV"><account id="29">100</account></symbol></create>

<create><account id="30" balance="100000" /><symbol sym="UUU"><account id="30">200</account></symbol><symbol sym="VVV"><account id="30">100</account></symbol></create>

<transactions id="28"><order sym="UUU" amount="50" limit="30" /></transactions>

<transactions id="29"><order sym="UUU" amount="50" limit="20" /></transactions>

<transactions id="30"><order sym="UUU" amount="-80" limit="10" /></transactions>

<transactions id="28"><query id="27" /></transactions>

<transactions id="29"><query id="28" /></transactions>

<transactions id="30"><query id="29" /></transactions>

<create><account id="1" balance="100000" /><symbol sym="AAPL"><account id="1">100</account></symbol><symbol sym="GOOG"><account id="1">200</account></symbol></create>

<create><account id="2" balance="100000" /><symbol sym="AAPL"><account id="2">200</account></symbol><symbol sym="GOOG"><account id="2">100</account></symbol></create>

<transactions id="1"><order sym="AAPL" amount="50" limit="100" /></transactions>

<transactions id="2"><order sym="AAPL" amount="-50" limit="100" /></transactions>

<transactions id="1"><query id="1" /></transactions>

<transactions id="2"><query id="0" /></transactions>

<transactions id="1"><cancel id="0" /></transactions>

<transactions id="2"><cancel id="1" /></transactions>

<create><account id="3" balance="100000" /><symbol sym="AMZ"><account id="3">100</account></symbol><symbol sym="NFX"><account id="3">200</account></symbol></create>

<create><account id="4" balance="100000" /><symbol sym="AMZ"><account id="4">200</account></symbol><symbol sym="NFX"><account id="4">100</account></symbol></create>

<transactions id="3"><order sym="AMZ" amount="50" limit="100" /></transactions>

<transactions id="4"><order sym="AMZ" amount="-40" limit="100" /></transactions>

<transactions id="3"><query id="2" /></transactions>

<transactions id="4"><query id="3" /></transactions>

<transactions id="3"><cancel id="2" /></transactions>

<transactions id="4"><cancel id="3" /></transactions>

<create><account id="5" balance="100000" /><symbol sym="AAA"><account id="5">100</account></symbol><symbol sym="BBB"><account id="5">200</account></symbol></create>

<create><account id="6" balance="100000" /><symbol sym="AAA"><account id="6">200</account></symbol><symbol sym="BBB"><account id="6">100</account></symbol></create>

<transactions id="5"><order sym="AAA" amount="50" limit="100" /></transactions>

<transactions id="6"><order sym="AAA" amount="-50" limit="30" /></transactions>

<transactions id="5"><query id="4" /></transactions>

<transactions id="6"><query id="5" /></transactions>

<transactions id="5"><cancel id="4" /></transactions>

<transactions id="6"><cancel id="5" /></transactions>

<create><account id="7" balance="100000" /><symbol sym="CCC"><account id="7">100</account></symbol><symbol sym="DDD"><account id="7">200</account></symbol></create>

<create><account id="8" balance="100000" /><symbol sym="CCC"><account id="8">200</account></symbol><symbol sym="DDD"><account id="8">100</account></symbol></create>

<transactions id="7"><order sym="CCC" amount="50" limit="100" /></transactions>

<transactions id="8"><order sym="CCC" amount="-30" limit="20" /></transactions>

<transactions id="7"><query id="6" /></transactions>

<transactions id="8"><query id="7" /></transactions>

<transactions id="7"><cancel id="6" /></transactions>

<transactions id="8"><cancel id="7" /></transactions>

<create><account id="9" balance="100000" /><symbol sym="EEE"><account id="9">100</account></symbol><symbol sym="FFF"><account id="9">200</account></symbol></create>

<create><account id="10" balance="100000" /><symbol sym="EEE"><account id="10">200</account></symbol><symbol sym="FFF"><account id="10">100</account></symbol></create>

<transactions id="9"><order sym="EEE" amount="50" limit="100" /></transactions>

<transactions id="10"><order sym="EEE" amount="-60" limit="20" /></transactions>

<transactions id="9"><query id="8" /></transactions>

<transactions id="10"><query id="9" /></transactions>

<transactions id="9"><cancel id="8" /></transactions>

<transactions id="10"><cancel id="9" /></transactions>

<create><account id="11" balance="100000" /><symbol sym="GGG"><account id="11">100</account></symbol><symbol sym="HHH"><account id="11">200</account></symbol></create>

<create><account id="12" balance="100000" /><symbol sym="GGG"><account id="12">200</account></symbol><symbol sym="HHH"><account id="12">100</account></symbol></create>

<transactions id="11"><order sym="GGG" amount="-30" limit="30" /></transactions>

<transactions id="12"><order sym="GGG" amount="60" limit="50" /></transactions>

<transactions id="11"><query id="10" /></transactions>

<transactions id="12"><query id="11" /></transactions>

<transactions id="11"><cancel id="10" /></transactions>

<transactions id="12"><cancel id="11" /></transactions>

<create><account id="13" balance="100000" /><symbol sym="III"><account id="13">100</account></symbol><symbol sym="JJJ"><account id="13">200</account></symbol></create>

<create><account id="14" balance="100000" /><symbol sym="III"><account id="14">200</account></symbol><symbol sym="JJJ"><account id="14">100</account></symbol></create>

<transactions id="13"><order sym="III" amount="-60" limit="30" /></transactions>

<transactions id="14"><order sym="III" amount="30" limit="50" /></transactions>

<transactions id="13"><query id="12" /></transactions>

<transactions id="14"><query id="13" /></transactions>

<transactions id="13"><cancel id="12" /></transactions>

<transactions id="14"><cancel id="13" /></transactions>

<create><account id="15" balance="100000" /><symbol sym="KKK"><account id="15">100</account></symbol><symbol sym="LLL"><account id="15">200</account></symbol></create>

<create><account id="16" balance="100000" /><symbol sym="KKK"><account id="16">200</account></symbol><symbol sym="LLL"><account id="16">100</account></symbol></create>

<transactions id="15"><order sym="KKK" amount="-60" limit="100" /></transactions>

<transactions id="16"><order sym="KKK" amount="30" limit="20" /></transactions>

<transactions id="15"><query id="14" /></transactions>

<transactions id="16"><query id="15" /></transactions>

<transactions id="15"><cancel id="14" /></transactions>

<transactions id="16"><cancel id="15" /></transactions>

<create><account id="17" balance="100000" /><symbol sym="MMM"><account id="17">100</account></symbol><symbol sym="NNN"><account id="17">200</account></symbol></create>

<create><account id="18" balance="100000" /><symbol sym="MMM"><account id="18">200</account></symbol><symbol sym="NNN"><account id="18">100</account></symbol></create>

<transactions id="17"><order sym="MMM" amount="50" limit="20" /></transactions>

<transactions id="18"><order sym="MMM" amount="-60" limit="50" /></transactions>

<transactions id="17"><query id="16" /></transactions>

<transactions id="18"><query id="17" /></transactions>

<transactions id="17"><cancel id="16" /></transactions>

<transactions id="18"><cancel id="17" /></transactions>

<create><account id="19" balance="100000" /><symbol sym="OOO"><account id="19">100</account></symbol><symbol sym="PPP"><account id="19">200</account></symbol></create>

<create><account id="20" balance="100000" /><symbol sym="OOO"><account id="20">200</account></symbol><symbol sym="PPP"><account id="20">100</account></symbol></create>

<create><account id="21" balance="100000" /><symbol sym="OOO"><account id="21">200</account></symbol><symbol sym="PPP"><account id="21">100</account></symbol></create>

<transactions id="19"><order sym="OOO" amount="-50" limit="30" /></transactions>

<transactions id="20"><order sym="OOO" amount="-50" limit="20" /></transactions>

<transactions id="21"><order sym="OOO" amount="100" limit="50" /></transactions>

<transactions id="20"><query id="19" /></transactions>

<transactions id="21"><query id="20" /></transactions>

<create><account id="22" balance="100000" /><symbol sym="QQQ"><account id="22">100</account></symbol><symbol sym="RRR"><account id="22">200</account></symbol></create>

<create><account id="23" balance="100000" /><symbol sym="QQQ"><account id="23">200</account></symbol><symbol sym="RRR"><account id="23">100</account></symbol></create>

<create><account id="24" balance="100000" /><symbol sym="QQQ"><account id="24">200</account></symbol><symbol sym="RRR"><account id="24">100</account></symbol></create>

<transactions id="22"><order sym="QQQ" amount="-50" limit="30" /></transactions>

<transactions id="23"><order sym="QQQ" amount="-50" limit="20" /></transactions>

<transactions id="24"><order sym="QQQ" amount="80" limit="50" /></transactions>

<transactions id="22"><query id="21" /></transactions>

<transactions id="23"><query id="22" /></transactions>

<transactions id="24"><query id="23" /></transactions>

<create><account id="25" balance="100000" /><symbol sym="SSS"><account id="25">100</account></symbol><symbol sym="TTT"><account id="25">200</account></symbol></create>

<create><account id="26" balance="100000" /><symbol sym="SSS"><account id="26">200</account></symbol><symbol sym="TTT"><account id="26">100</account></symbol></create>

<create><account id="27" balance="100000" /><symbol sym="SSS"><account id="27">200</account></symbol><symbol sym="TTT"><account id="27">100</account></symbol></create>

<transactions id="25"><order sym="SSS" amount="50" limit="30" /></transactions>

<transactions id="26"><order sym="SSS" amount="50" limit="20" /></transactions>

<transactions id="27"><order sym="SSS" amount="-100" limit="10" /></transactions>

<transactions id="25"><query id="24" /></transactions>

<transactions id="26"><query id="25" /></transactions>

<transactions id="27"><query id="26" /></transactions>

<create><account id="28" balance="100000" /><symbol sym="UUU"><account id="28">100</account></symbol><symbol sym="VVV"><account id="28">200</account></symbol></create>

<create><account id="29" balance="100000" /><symbol sym="UUU"><account id="29">200</account></symbol><symbol sym="VVV"><account id="29">100</account></symbol></create>

<create><account id="30" balance="100000" /><symbol sym="UUU"><account id="30">200</account></symbol><symbol sym="VVV"><account id="30">100</account></symbol></create>

<transactions id="28"><order sym="UUU" amount="50" limit="30" /></transactions>

<transactions id="29"><order sym="UUU" amount="50" limit="20" /></transactions>

<transactions id="30"><order sym="UUU" amount="-80" limit="10" /></transactions>

<transactions id="28"><query id="27" /></transactions>

<transactions id="30"><query id="29" /></transactions>

<create><account id="1" balance="100000" /><symbol sym="AAPL"><account id="1">100</account></symbol><symbol sym="GOOG"><account id="1">200</account></symbol></create>

<create><account id="2" balance="100000" /><symbol sym="AAPL"><account id="2">200</account></symbol><symbol sym="GOOG"><account id="2">100</account></symbol></create>

<transactions id="1"><order sym="AAPL" amount="50" limit="100" /></transactions>

<transactions id="2"><order sym="AAPL" amount="-50" limit="100" /></transactions>

<transactions id="1"><query id="1" /></transactions>

<transactions id="2"><query id="0" /></transactions>

<transactions id="1"><cancel id="0" /></transactions>

<create><account id="3" balance="100000" /><symbol sym="AMZ"><account id="3">100</account></symbol><symbol sym="NFX"><account id="3">200</account></symbol></create>

<transactions id="2"><cancel id="1" /></transactions>

<create><account id="4" balance="100000" /><symbol sym="AMZ"><account id="4">200</account></symbol><symbol sym="NFX"><account id="4">100</account></symbol></create>

<transactions id="3"><order sym="AMZ" amount="50" limit="100" /></transactions>

<transactions id="4"><order sym="AMZ" amount="-40" limit="100" /></transactions>

<transactions id="3"><query id="2" /></transactions>

<transactions id="4"><query id="3" /></transactions>

<transactions id="3"><cancel id="2" /></transactions>

<transactions id="4"><cancel id="3" /></transactions>

<create><account id="5" balance="100000" /><symbol sym="AAA"><account id="5">100</account></symbol><symbol sym="BBB"><account id="5">200</account></symbol></create>

<create><account id="6" balance="100000" /><symbol sym="AAA"><account id="6">200</account></symbol><symbol sym="BBB"><account id="6">100</account></symbol></create>

<transactions id="5"><order sym="AAA" amount="50" limit="100" /></transactions>

<transactions id="6"><order sym="AAA" amount="-50" limit="30" /></transactions>

<transactions id="5"><query id="4" /></transactions>

<transactions id="6"><query id="5" /></transactions>

<transactions id="5"><cancel id="4" /></transactions>

<transactions id="6"><cancel id="5" /></transactions>

<create><account id="7" balance="100000" /><symbol sym="CCC"><account id="7">100</account></symbol><symbol sym="DDD"><account id="7">200</account></symbol></create>

<create><account id="8" balance="100000" /><symbol sym="CCC"><account id="8">200</account></symbol><symbol sym="DDD"><account id="8">100</account></symbol></create>

<transactions id="7"><order sym="CCC" amount="50" limit="100" /></transactions>

<transactions id="8"><order sym="CCC" amount="-30" limit="20" /></transactions>

<transactions id="7"><query id="6" /></transactions>

<transactions id="8"><query id="7" /></transactions>

<transactions id="7"><cancel id="6" /></transactions>

<transactions id="8"><cancel id="7" /></transactions>

<create><account id="9" balance="100000" /><symbol sym="EEE"><account id="9">100</account></symbol><symbol sym="FFF"><account id="9">200</account></symbol></create>

<create><account id="10" balance="100000" /><symbol sym="EEE"><account id="10">200</account></symbol><symbol sym="FFF"><account id="10">100</account></symbol></create>

<transactions id="9"><order sym="EEE" amount="50" limit="100" /></transactions>

<transactions id="10"><order sym="EEE" amount="-60" limit="20" /></transactions>

<transactions id="9"><query id="8" /></transactions>

<transactions id="10"><query id="9" /></transactions>

<transactions id="9"><cancel id="8" /></transactions>

<transactions id="10"><cancel id="9" /></transactions>

<create><account id="11" balance="100000" /><symbol sym="GGG"><account id="11">100</account></symbol><symbol sym="HHH"><account id="11">200</account></symbol></create>

<create><account id="12" balance="100000" /><symbol sym="GGG"><account id="12">200</account></symbol><symbol sym="HHH"><account id="12">100</account></symbol></create>

<transactions id="11"><order sym="GGG" amount="-30" limit="30" /></transactions>

<transactions id="12"><order sym="GGG" amount="60" limit="50" /></transactions>

<transactions id="11"><query id="10" /></transactions>

<transactions id="12"><query id="11" /></transactions>

<transactions id="11"><cancel id="10" /></transactions>

<transactions id="12"><cancel id="11" /></transactions>

<create><account id="13" balance="100000" /><symbol sym="III"><account id="13">100</account></symbol><symbol sym="JJJ"><account id="13">200</account></symbol></create>

<create><account id="14" balance="100000" /><symbol sym="III"><account id="14">200</account></symbol><symbol sym="JJJ"><account id="14">100</account></symbol></create>

<transactions id="13"><order sym="III" amount="-60" limit="30" /></transactions>

<transactions id="14"><order sym="III" amount="30" limit="50" /></transactions>

<transactions id="13"><query id="12" /></transactions>

<transactions id="14"><query id="13" /></transactions>

<transactions id="13"><cancel id="12" /></transactions>

<transactions id="14"><cancel id="13" /></transactions>

<create><account id="15" balance="100000" /><symbol sym="KKK"><account id="15">100</account></symbol><symbol sym="LLL"><account id="15">200</account></symbol></create>

<transactions id="15"><order sym="KKK" amount="-60" limit="100" /></transactions>

<transactions id="16"><order sym="KKK" amount="30" limit="20" /></transactions>

<transactions id="15"><query id="14" /></transactions>

<transactions id="16"><query id="15" /></transactions>

<transactions id="15"><cancel id="14" /></transactions>

<transactions id="16"><cancel id="15" /></transactions>

<create><account id="17" balance="100000" /><symbol sym="MMM"><account id="17">100</account></symbol><symbol sym="NNN"><account id="17">200</account></symbol></create>

<create><account id="18" balance="100000" /><symbol sym="MMM"><account id="18">200</account></symbol><symbol sym="NNN"><account id="18">100</account></symbol></create>

<transactions id="17"><order sym="MMM" amount="50" limit="20" /></transactions>

<transactions id="18"><order sym="MMM" amount="-60" limit="50" /></transactions>

<transactions id="17"><query id="16" /></transactions>

<transactions id="18"><query id="17" /></transactions>

<transactions id="17"><cancel id="16" /></transactions>

<transactions id="18"><cancel id="17" /></transactions>

<create><account id="19" balance="100000" /><symbol sym="OOO"><account id="19">100</account></symbol><symbol sym="PPP"><account id="19">200</account></symbol></create>

<create><account id="20" balance="100000" /><symbol sym="OOO"><account id="20">200</account></symbol><symbol sym="PPP"><account id="20">100</account></symbol></create>

<create><account id="21" balance="100000" /><symbol sym="OOO"><account id="21">200</account></symbol><symbol sym="PPP"><account id="21">100</account></symbol></create>

<transactions id="19"><order sym="OOO" amount="-50" limit="30" /></transactions>

<transactions id="20"><order sym="OOO" amount="-50" limit="20" /></transactions>

<transactions id="21"><order sym="OOO" amount="100" limit="50" /></transactions>

<transactions id="19"><query id="18" /></transactions>

<transactions id="20"><query id="19" /></transactions>

<transactions id="21"><query id="20" /></transactions>

<create><account id="22" balance="100000" /><symbol sym="QQQ"><account id="22">100</account></symbol><symbol sym="RRR"><account id="22">200</account></symbol></create>

<create><account id="23" balance="100000" /><symbol sym="QQQ"><account id="23">200</account></symbol><symbol sym="RRR"><account id="23">100</account></symbol></create>

<create><account id="24" balance="100000" /><symbol sym="QQQ"><account id="24">200</account></symbol><symbol sym="RRR"><account id="24">100</account></symbol></create>

<transactions id="22"><order sym="QQQ" amount="-50" limit="30" /></transactions>

<transactions id="23"><order sym="QQQ" amount="-50" limit="20" /></transactions>

<transactions id="24"><order sym="QQQ" amount="80" limit="50" /></transactions>

<transactions id="22"><query id="21" /></transactions>

<transactions id="23"><query id="22" /></transactions>

<transactions id="24"><query id="23" /></transactions>

<create><account id="25" balance="100000" /><symbol sym="SSS"><account id="25">100</account></symbol><symbol sym="TTT"><account id="25">200</account></symbol></create>

<create><account id="26" balance="100000" /><symbol sym="SSS"><account id="26">200</account></symbol><symbol sym="TTT"><account id="26">100</account></symbol></create>

<create><account id="27" balance="100000" /><symbol sym="SSS"><account id="27">200</account></symbol><symbol sym="TTT"><account id="27">100</account></symbol></create>

<transactions id="25"><order sym="SSS" amount="50" limit="30" /></transactions>

<transactions id="26"><order sym="SSS" amount="50" limit="20" /></transactions>

<transactions id="27"><order sym="SSS" amount="-100" limit="10" /></transactions>

<transactions id="25"><query id="24" /></transactions>

<transactions id="26"><query id="25" /></transactions>

<transactions id="27"><query id="26" /></transactions>

<create><account id="28" balance="100000" /><symbol sym="UUU"><account id="28">100</account></symbol><symbol sym="VVV"><account id="28">200</account></symbol></create>

<create><account id="29" balance="100000" /><symbol sym="UUU"><account id="29">200</account></symbol><symbol sym="VVV"><account id="29">100</account></symbol></create>

<create><account id="30" balance="100000" /><symbol sym="UUU"><account id="30">200</account></symbol><symbol sym="VVV"><account id="30">100</account></symbol></create>

<transactions id="28"><order sym="UUU" amount="50" limit="30" /></transactions>

<transactions id="29"><order sym="UUU" amount="50" limit="20" /></transactions>

<transactions id="30"><order sym="UUU" amount="-80" limit="10" /></transactions>

<transactions id="28"><query id="27" /></transactions>

<transactions id="29"><query id="28" /></transactions>

<transactions id="30"><query id="29" /></transactions>

<create><account id="1" balance="100000" /><symbol sym="AAPL"><account id="1">100</account></symbol><symbol sym="GOOG"><account id="1">200</account></symbol></create>

<create><account id="2" balance="100000" /><symbol sym="AAPL"><account id="2">200</account></symbol><symbol sym="GOOG"><account id="2">100</account></symbol></create>

<transactions id="1"><order sym="AAPL" amount="50" limit="100" /></transactions>

<transactions id="2"><order sym="AAPL" amount="-50" limit="100" /></transactions>

<transactions id="1"><query id="1" /></transactions>

<transactions id="2"><query id="0" /></transactions>

<transactions id="1"><cancel id="0" /></transactions>

<transactions id="2"><cancel id="1" /></transactions>

<create><account id="3" balance="100000" /><symbol sym="AMZ"><account id="3">100</account></symbol><symbol sym="NFX"><account id="3">200</account></symbol></create>

<create><account id="4" balance="100000" /><symbol sym="AMZ"><account id="4">200</account></symbol><symbol sym="NFX"><account id="4">100</account></symbol></create>

<transactions id="3"><order sym="AMZ" amount="50" limit="100" /></transactions>

<transactions id="4"><order sym="AMZ" amount="-40" limit="100" /></transactions>

<transactions id="3"><query id="2" /></transactions>

<transactions id="4"><query id="3" /></transactions>
